# JRE version: OpenJDK Runtime Environment (8.0_152-b02) (build 1.8.0_152-release-1024-b02)
# Java VM: OpenJDK 64-Bit Server VM (25.152-b02 mixed mode windows-amd64 compressed oops)
Heap:
 PSYoungGen      total 188416K, used 29267K [0x00000000eab00000, 0x00000000f7900000, 0x0000000100000000)
  eden space 169984K, 7% used [0x00000000eab00000,0x00000000eb744990,0x00000000f5100000)
  from space 18432K, 90% used [0x00000000f6700000,0x00000000f7750330,0x00000000f7900000)
  to   space 20480K, 0% used [0x00000000f5100000,0x00000000f5100000,0x00000000f6500000)
 ParOldGen       total 222720K, used 32557K [0x00000000c0000000, 0x00000000cd980000, 0x00000000eab00000)
  object space 222720K, 14% used [0x00000000c0000000,0x00000000c1fcb5d8,0x00000000cd980000)
 Metaspace       used 63459K, capacity 65704K, committed 65792K, reserved 1105920K
  class space    used 8170K, capacity 8627K, committed 8704K, reserved 1048576K
GC Heap History (10 events):
Event: 291.173 GC heap before
{Heap before GC invocations=15 (full 2):
 PSYoungGen      total 132608K, used 118387K [0x00000000eab00000, 0x00000000f3e80000, 0x0000000100000000)
  eden space 118272K, 87% used [0x00000000eab00000,0x00000000f109ea08,0x00000000f1e80000)
  from space 14336K, 99% used [0x00000000f2e80000,0x00000000f3c7e3c0,0x00000000f3c80000)
  to   space 16384K, 0% used [0x00000000f1e80000,0x00000000f1e80000,0x00000000f2e80000)
 ParOldGen       total 147968K, used 22215K [0x00000000c0000000, 0x00000000c9080000, 0x00000000eab00000)
  object space 147968K, 15% used [0x00000000c0000000,0x00000000c15b1dc0,0x00000000c9080000)
 Metaspace       used 57256K, capacity 58988K, committed 59136K, reserved 1099776K
  class space    used 7516K, capacity 7881K, committed 7936K, reserved 1048576K
Event: 291.194 GC heap after
Heap after GC invocations=15 (full 2):
 PSYoungGen      total 132096K, used 16379K [0x00000000eab00000, 0x00000000f4200000, 0x0000000100000000)
  eden space 115712K, 0% used [0x00000000eab00000,0x00000000eab00000,0x00000000f1c00000)
  from space 16384K, 99% used [0x00000000f1e80000,0x00000000f2e7ee38,0x00000000f2e80000)
  to   space 19456K, 0% used [0x00000000f2f00000,0x00000000f2f00000,0x00000000f4200000)
 ParOldGen       total 147968K, used 26099K [0x00000000c0000000, 0x00000000c9080000, 0x00000000eab00000)
  object space 147968K, 17% used [0x00000000c0000000,0x00000000c197cc18,0x00000000c9080000)
 Metaspace       used 57256K, capacity 58988K, committed 59136K, reserved 1099776K
  class space    used 7516K, capacity 7881K, committed 7936K, reserved 1048576K
}
Event: 291.194 GC heap before
{Heap before GC invocations=16 (full 3):
 PSYoungGen      total 132096K, used 16379K [0x00000000eab00000, 0x00000000f4200000, 0x0000000100000000)
  eden space 115712K, 0% used [0x00000000eab00000,0x00000000eab00000,0x00000000f1c00000)
  from space 16384K, 99% used [0x00000000f1e80000,0x00000000f2e7ee38,0x00000000f2e80000)
  to   space 19456K, 0% used [0x00000000f2f00000,0x00000000f2f00000,0x00000000f4200000)
 ParOldGen       total 147968K, used 26099K [0x00000000c0000000, 0x00000000c9080000, 0x00000000eab00000)
  object space 147968K, 17% used [0x00000000c0000000,0x00000000c197cc18,0x00000000c9080000)
 Metaspace       used 57256K, capacity 58988K, committed 59136K, reserved 1099776K
  class space    used 7516K, capacity 7881K, committed 7936K, reserved 1048576K
Event: 291.572 GC heap after
Heap after GC invocations=16 (full 3):
 PSYoungGen      total 132096K, used 0K [0x00000000eab00000, 0x00000000f4200000, 0x0000000100000000)
  eden space 115712K, 0% used [0x00000000eab00000,0x00000000eab00000,0x00000000f1c00000)
  from space 16384K, 0% used [0x00000000f1e80000,0x00000000f1e80000,0x00000000f2e80000)
  to   space 19456K, 0% used [0x00000000f2f00000,0x00000000f2f00000,0x00000000f4200000)
 ParOldGen       total 222720K, used 32533K [0x00000000c0000000, 0x00000000cd980000, 0x00000000eab00000)
  object space 222720K, 14% used [0x00000000c0000000,0x00000000c1fc55d8,0x00000000cd980000)
 Metaspace       used 57254K, capacity 58982K, committed 59136K, reserved 1099776K
  class space    used 7515K, capacity 7880K, committed 7936K, reserved 1048576K
}
Event: 301.066 GC heap before
{Heap before GC invocations=17 (full 3):
 PSYoungGen      total 132096K, used 115362K [0x00000000eab00000, 0x00000000f4200000, 0x0000000100000000)
  eden space 115712K, 99% used [0x00000000eab00000,0x00000000f1ba8ae0,0x00000000f1c00000)
  from space 16384K, 0% used [0x00000000f1e80000,0x00000000f1e80000,0x00000000f2e80000)
  to   space 19456K, 0% used [0x00000000f2f00000,0x00000000f2f00000,0x00000000f4200000)
 ParOldGen       total 222720K, used 32533K [0x00000000c0000000, 0x00000000cd980000, 0x00000000eab00000)
  object space 222720K, 14% used [0x00000000c0000000,0x00000000c1fc55d8,0x00000000cd980000)
 Metaspace       used 61573K, capacity 63472K, committed 63744K, reserved 1103872K
  class space    used 7995K, capacity 8397K, committed 8448K, reserved 1048576K
Event: 301.085 GC heap after
Heap after GC invocations=17 (full 3):
 PSYoungGen      total 134656K, used 14174K [0x00000000eab00000, 0x00000000f5400000, 0x0000000100000000)
  eden space 115200K, 0% used [0x00000000eab00000,0x00000000eab00000,0x00000000f1b80000)
  from space 19456K, 72% used [0x00000000f2f00000,0x00000000f3cd78f0,0x00000000f4200000)
  to   space 19968K, 0% used [0x00000000f1b80000,0x00000000f1b80000,0x00000000f2f00000)
 ParOldGen       total 222720K, used 32541K [0x00000000c0000000, 0x00000000cd980000, 0x00000000eab00000)
  object space 222720K, 14% used [0x00000000c0000000,0x00000000c1fc75d8,0x00000000cd980000)
 Metaspace       used 61573K, capacity 63472K, committed 63744K, reserved 1103872K
  class space    used 7995K, capacity 8397K, committed 8448K, reserved 1048576K
}
Event: 301.148 GC heap before
{Heap before GC invocations=18 (full 3):
 PSYoungGen      total 134656K, used 129037K [0x00000000eab00000, 0x00000000f5400000, 0x0000000100000000)
  eden space 115200K, 99% used [0x00000000eab00000,0x00000000f1b2bd70,0x00000000f1b80000)
  from space 19456K, 72% used [0x00000000f2f00000,0x00000000f3cd78f0,0x00000000f4200000)
  to   space 19968K, 0% used [0x00000000f1b80000,0x00000000f1b80000,0x00000000f2f00000)
 ParOldGen       total 222720K, used 32541K [0x00000000c0000000, 0x00000000cd980000, 0x00000000eab00000)
  object space 222720K, 14% used [0x00000000c0000000,0x00000000c1fc75d8,0x00000000cd980000)
 Metaspace       used 61579K, capacity 63472K, committed 63744K, reserved 1103872K
  class space    used 7995K, capacity 8397K, committed 8448K, reserved 1048576K
Event: 301.164 GC heap after
Heap after GC invocations=18 (full 3):
 PSYoungGen      total 135168K, used 12126K [0x00000000eab00000, 0x00000000f7a00000, 0x0000000100000000)
  eden space 115200K, 0% used [0x00000000eab00000,0x00000000eab00000,0x00000000f1b80000)
  from space 19968K, 60% used [0x00000000f1b80000,0x00000000f2757810,0x00000000f2f00000)
  to   space 19456K, 0% used [0x00000000f6700000,0x00000000f6700000,0x00000000f7a00000)
 ParOldGen       total 222720K, used 32549K [0x00000000c0000000, 0x00000000cd980000, 0x00000000eab00000)
  object space 222720K, 14% used [0x00000000c0000000,0x00000000c1fc95d8,0x00000000cd980000)
 Metaspace       used 61579K, capacity 63472K, committed 63744K, reserved 1103872K
  class space    used 7995K, capacity 8397K, committed 8448K, reserved 1048576K
}
Event: 546.729 GC heap before
{Heap before GC invocations=19 (full 3):
 PSYoungGen      total 135168K, used 127326K [0x00000000eab00000, 0x00000000f7a00000, 0x0000000100000000)
  eden space 115200K, 100% used [0x00000000eab00000,0x00000000f1b80000,0x00000000f1b80000)
  from space 19968K, 60% used [0x00000000f1b80000,0x00000000f2757810,0x00000000f2f00000)
  to   space 19456K, 0% used [0x00000000f6700000,0x00000000f6700000,0x00000000f7a00000)
 ParOldGen       total 222720K, used 32549K [0x00000000c0000000, 0x00000000cd980000, 0x00000000eab00000)
  object space 222720K, 14% used [0x00000000c0000000,0x00000000c1fc95d8,0x00000000cd980000)
 Metaspace       used 63380K, capacity 65550K, committed 65792K, reserved 1105920K
  class space    used 8161K, capacity 8612K, committed 8704K, reserved 1048576K
Event: 546.747 GC heap after
Heap after GC invocations=19 (full 3):
 PSYoungGen      total 188416K, used 16704K [0x00000000eab00000, 0x00000000f7900000, 0x0000000100000000)
  eden space 169984K, 0% used [0x00000000eab00000,0x00000000eab00000,0x00000000f5100000)
  from space 18432K, 90% used [0x00000000f6700000,0x00000000f7750330,0x00000000f7900000)
  to   space 20480K, 0% used [0x00000000f5100000,0x00000000f5100000,0x00000000f6500000)
 ParOldGen       total 222720K, used 32557K [0x00000000c0000000, 0x00000000cd980000, 0x00000000eab00000)
  object space 222720K, 14% used [0x00000000c0000000,0x00000000c1fcb5d8,0x00000000cd980000)
 Metaspace       used 63380K, capacity 65550K, committed 65792K, reserved 1105920K
  class space    used 8161K, capacity 8612K, committed 8704K, reserved 1048576K
}

